Reading training examples... (13173 examples) done
Training set properties: 119808 features, 1 classes
Iter 1: .........(NumConst=0, SV=0, CEps=0.0000, QPEps=0.0000)
Final epsilon on KKT-Conditions: 0.00000
Upper bound on duality gap: 0.00000
Dual objective value: dval=0.00000
Primal objective value: pval=0.00000
Total number of constraints in final working set: 0 (of 0)
Number of iterations: 1
Number of calls to 'find_most_violated_constraint': 13173
Number of SV: 0 
Norm of weight vector: |w|=0.00000
Value of slack variable (on working set): xi=0.00000
Value of slack variable (global): xi=0.00000
Norm of longest difference vector: ||Psi(x,y)-Psi(x,ybar)||=0.00000
Runtime in cpu-seconds: 0.03
Final number of constraints in cache: 13173
Compacting linear model...done
Writing learned model...done
Reading model...done.
Reading test examples... (6996 examples) done.
Classifying test examples...done
Runtime (without IO) in cpu-seconds: 0.01
Average loss on test set: 0.0000
Zero/one-error on test set: 0.00% (6996 correct, 0 incorrect, 6996 total)
